{
  "RSpec": {
    "coverage": {
      "/home/saptaswa18/simulation_prob/lib/action.rb": [
        1,
        null,
        1,
        6,
        null,
        6,
        null,
        null,
        1,
        3,
        3,
        3,
        null,
        3,
        3,
        3,
        3,
        null,
        3,
        null,
        null,
        1,
        2,
        null,
        null,
        1,
        3,
        null,
        null,
        1,
        1,
        1,
        null,
        1,
        null,
        null,
        1,
        null,
        1,
        null,
        null,
        1,
        11,
        null,
        10,
        null,
        30,
        8,
        null,
        8,
        null,
        null,
        null,
        1,
        12,
        null,
        11,
        null,
        27,
        9,
        null,
        9,
        null,
        null
      ],
      "/home/saptaswa18/simulation_prob/spec/input_handler_spec.rb": [
        1,
        1,
        1,
        null,
        1,
        1,
        1,
        1,
        null,
        1,
        null,
        null,
        1,
        1,
        null,
        1,
        null,
        null,
        1,
        1,
        null,
        1,
        null,
        null,
        null,
        1,
        1,
        1,
        1,
        null,
        1,
        null,
        null,
        1,
        1,
        1,
        null,
        1,
        null,
        null,
        1,
        1,
        1,
        1,
        null,
        1,
        null,
        1,
        null,
        null,
        1,
        1,
        1,
        1,
        null,
        1,
        null,
        1,
        null,
        null,
        1,
        1,
        1,
        1,
        null,
        1,
        null,
        1,
        null,
        null,
        1,
        1,
        1,
        1,
        null,
        1,
        null,
        1,
        null,
        null,
        null,
        1,
        1,
        1,
        1,
        1,
        null,
        1,
        null,
        null,
        null,
        1,
        1,
        1,
        1,
        null,
        1,
        null,
        null,
        1,
        1,
        1,
        null,
        1,
        null,
        null,
        null
      ],
      "/home/saptaswa18/simulation_prob/lib/input_handler.rb": [
        1,
        null,
        1,
        1,
        null,
        1,
        1,
        null,
        1,
        12,
        12,
        12,
        null,
        null,
        1,
        10,
        null,
        9,
        4,
        null,
        4,
        null,
        null,
        1,
        null,
        1,
        16,
        null,
        null,
        1,
        11,
        null,
        10,
        null,
        null,
        null,
        null
      ],
      "/home/saptaswa18/simulation_prob/spec/position_spec.rb": [
        1,
        1,
        1,
        null,
        1,
        1,
        1,
        1,
        null,
        1,
        1,
        1,
        null,
        null,
        1,
        1,
        null,
        1,
        1,
        1,
        null,
        null,
        1,
        1,
        null,
        1,
        1,
        null,
        null,
        null
      ],
      "/home/saptaswa18/simulation_prob/lib/position.rb": [
        1,
        1,
        null,
        1,
        32,
        32,
        32,
        null,
        null
      ],
      "/home/saptaswa18/simulation_prob/spec/robot_spec.rb": [
        1,
        1,
        1,
        null,
        1,
        1,
        1,
        1,
        null,
        1,
        null,
        null,
        null,
        1,
        1,
        1,
        1,
        null,
        1,
        null,
        null,
        1,
        1,
        1,
        null,
        1,
        null,
        null,
        null,
        1,
        1,
        1,
        null,
        1,
        null,
        null,
        null
      ],
      "/home/saptaswa18/simulation_prob/lib/robot.rb": [
        1,
        null,
        1,
        1,
        null,
        1,
        16,
        null,
        null,
        1,
        12,
        null,
        null,
        1,
        5,
        null,
        null
      ],
      "/home/saptaswa18/simulation_prob/spec/table_spec.rb": [
        1,
        1,
        1,
        null,
        1,
        1,
        1,
        1,
        null,
        1,
        1,
        null,
        null,
        1,
        1,
        null,
        1,
        1,
        null,
        null,
        null,
        1,
        1,
        1,
        1,
        null,
        1,
        null,
        null,
        1,
        1,
        1,
        null,
        1,
        null,
        null,
        1,
        1,
        1,
        null,
        1,
        null,
        null,
        1,
        1,
        1,
        null,
        1,
        null,
        null,
        1,
        1,
        1,
        null,
        1,
        null,
        null,
        1,
        1,
        1,
        null,
        1,
        null,
        null,
        1,
        1,
        1,
        null,
        1,
        null,
        null,
        null
      ],
      "/home/saptaswa18/simulation_prob/lib/table.rb": [
        1,
        1,
        null,
        1,
        21,
        21,
        null,
        null,
        1,
        18,
        null,
        null,
        null
      ]
    },
    "timestamp": 1599665016
  }
}
